This is pTeX, Version p2.1.5, based on TeX, Version 3.14159 (SJIS) (Web2c 7.0, Win32 DLL 1.0.2) (format=platex 97.9.27)  16 FEB 1999 09:46
**chemstr.ins
(A:\tex\XYMTEX\chemstr.ins
pLaTeX2e <1997/07/02>+2 (based on LaTeX2e <1997/06/01> patch level 0)
(A:\Program Files\TeX\texmf\tex\latex\base\docstrip.tex
\blockLevel=\count81
\emptyLines=\count82
\processedLines=\count83
\commentsRemoved=\count84
\commentsPassed=\count85
\codeLinesPassed=\count86
\NumberOfFiles=\count87
\TotalprocessedLines=\count88
\TotalcommentsRemoved=\count89
\TotalcommentsPassed=\count90
\TotalcodeLinesPassed=\count91
\inFile=\read1
\inputcheck=\read2
\off@0=\count92
\off@1=\count93
\off@2=\count94
\off@3=\count95
\off@4=\count96
\off@5=\count97
\off@6=\count98
\off@7=\count99
\off@8=\count100
\off@9=\count101
\off@10=\count102
\off@11=\count103
\off@12=\count104
\off@13=\count105
\off@14=\count106
\off@15=\count107
\@maxfiles=\count108
\@maxoutfiles=\count109

Utility: `docstrip' 2.4g <1996/12/13>
English documentation    <1996/12/13>

**********************************************************
* This program converts documented macro-files into fast *
* loadable files by stripping off (nearly) all comments! *
**********************************************************

******************************************
* Using Configuration file docstrip.cfg. *
******************************************

(A:\Program Files\TeX\texmf\tex\platex\base\docstrip.cfg)
(A:\tex\XYMTEX\chemstr.ins
File ./chemstr.drv already exists on the system.
Overwrite it? [y/n]
\answer=y

Generating file(s) ./chemstr.drv 
\openout0 = `./chemstr.drv'.


Processing file chemstr.dtx (driver) -> chemstr.drv
File chemstr.dtx ended by \endinput.
Lines  processed: 8565
Comments removed: 2680
Comments  passed: 17
Codelines passed: 5864

File ./chemstr.sty already exists on the system.
Overwrite it? [y/n]
\answer=y

Generating file(s) ./chemstr.sty 
\openout0 = `./chemstr.sty'.


Processing file chemstr.dtx (chemstr) -> chemstr.sty
File chemstr.dtx ended by \endinput.
Lines  processed: 8565
Comments removed: 2680
Comments  passed: 17
Codelines passed: 5864

)
Overall statistics:
Files  processed: 2
Lines  processed: 17130
Comments removed: 5360
Comments  passed: 34
Codelines passed: 11728
 ) ) 
Here is how much of TeX's memory you used:
 314 strings out of 10655
 3135 string characters out of 69487
 55182 words of memory out of 263001
 3483 multiletter control sequences out of 10000+0
 7519 words of font info for 31 fonts, out of 100000 for 500
 14 hyphenation exceptions out of 1000
 16i,0n,18p,169b,125s stack positions out of 300i,100n,500p,3000b,4000s

No pages of output.
